[debug] [2020-08-15T10:01:47.244Z] ----------------------------------------------------------------------
[debug] [2020-08-15T10:01:47.245Z] Command:       /usr/local/bin/node /usr/local/bin/firebase deploy
[debug] [2020-08-15T10:01:47.245Z] CLI Version:   8.6.0
[debug] [2020-08-15T10:01:47.245Z] Platform:      darwin
[debug] [2020-08-15T10:01:47.246Z] Node Version:  v12.18.2
[debug] [2020-08-15T10:01:47.247Z] Time:          Sat Aug 15 2020 13:01:47 GMT+0300 (Arabian Standard Time)
[debug] [2020-08-15T10:01:47.247Z] ----------------------------------------------------------------------
[debug] [2020-08-15T10:01:47.247Z] 
[debug] [2020-08-15T10:01:47.253Z] > command requires scopes: ["email","openid","https://www.googleapis.com/auth/cloudplatformprojects.readonly","https://www.googleapis.com/auth/firebase","https://www.googleapis.com/auth/cloud-platform"]
[debug] [2020-08-15T10:01:47.254Z] > authorizing via signed-in user
[debug] [2020-08-15T10:01:47.254Z] [iam] checking project test-77ff3 for permissions ["firebase.projects.get","firebasehosting.sites.update"]
[debug] [2020-08-15T10:01:47.256Z] >>> HTTP REQUEST POST https://cloudresourcemanager.googleapis.com/v1/projects/test-77ff3:testIamPermissions  
 {"permissions":["firebase.projects.get","firebasehosting.sites.update"]}
[debug] [2020-08-15T10:01:49.015Z] <<< HTTP RESPONSE 200 {"content-type":"application/json; charset=UTF-8","vary":"X-Origin, Referer, Origin,Accept-Encoding","date":"Sat, 15 Aug 2020 10:01:48 GMT","server":"ESF","cache-control":"private","x-xss-protection":"0","x-frame-options":"SAMEORIGIN","x-content-type-options":"nosniff","server-timing":"gfet4t7; dur=1194","alt-svc":"h3-29=\":443\"; ma=2592000,h3-27=\":443\"; ma=2592000,h3-T050=\":443\"; ma=2592000,h3-Q050=\":443\"; ma=2592000,h3-Q046=\":443\"; ma=2592000,h3-Q043=\":443\"; ma=2592000,quic=\":443\"; ma=2592000; v=\"46,43\"","accept-ranges":"none","transfer-encoding":"chunked"}
[debug] [2020-08-15T10:01:49.018Z] >>> HTTP REQUEST GET https://firebase.googleapis.com/v1beta1/projects/test-77ff3  
 
[debug] [2020-08-15T10:01:49.804Z] <<< HTTP RESPONSE 200 {"content-type":"application/json; charset=UTF-8","vary":"X-Origin, Referer, Origin,Accept-Encoding","date":"Sat, 15 Aug 2020 10:01:49 GMT","server":"ESF","cache-control":"private","x-xss-protection":"0","x-frame-options":"SAMEORIGIN","x-content-type-options":"nosniff","alt-svc":"h3-29=\":443\"; ma=2592000,h3-27=\":443\"; ma=2592000,h3-T050=\":443\"; ma=2592000,h3-Q050=\":443\"; ma=2592000,h3-Q046=\":443\"; ma=2592000,h3-Q043=\":443\"; ma=2592000,quic=\":443\"; ma=2592000; v=\"46,43\"","accept-ranges":"none","transfer-encoding":"chunked"}
[info] 
[info] === Deploying to 'test-77ff3'...
[info] 
[info] i  deploying hosting 
[debug] [2020-08-15T10:01:49.811Z] >>> HTTP REQUEST POST https://firebasehosting.googleapis.com/v1beta1/sites/test-77ff3/versions  
 {"config":{"rewrites":[{"glob":"**","path":"/index.html"}]},"labels":{"deployment-tool":"cli-firebase"}}
[debug] [2020-08-15T10:01:52.145Z] <<< HTTP RESPONSE 200 {"content-type":"application/json; charset=UTF-8","vary":"X-Origin, Referer, Origin,Accept-Encoding","date":"Sat, 15 Aug 2020 10:01:52 GMT","server":"ESF","cache-control":"private","x-xss-protection":"0","x-frame-options":"SAMEORIGIN","x-content-type-options":"nosniff","alt-svc":"h3-29=\":443\"; ma=2592000,h3-27=\":443\"; ma=2592000,h3-T050=\":443\"; ma=2592000,h3-Q050=\":443\"; ma=2592000,h3-Q046=\":443\"; ma=2592000,h3-Q043=\":443\"; ma=2592000,quic=\":443\"; ma=2592000; v=\"46,43\"","accept-ranges":"none","transfer-encoding":"chunked"}
[info] i  hosting[test-77ff3]: beginning deploy... 
[info] i  hosting[test-77ff3]: found 1 files in build 
[debug] [2020-08-15T10:01:52.173Z] [hosting] hash cache [YnVpbGQ] stored for 1 files
[debug] [2020-08-15T10:01:52.174Z] [hosting][hash queue][FINAL] {"max":13,"min":13,"avg":13,"active":0,"complete":1,"success":1,"errored":0,"retried":0,"total":1,"elapsed":16}
[debug] [2020-08-15T10:01:52.174Z] >>> HTTP REQUEST POST https://firebasehosting.googleapis.com/v1beta1/sites/test-77ff3/versions/a777b262b40c7bbf:populateFiles  
 <request body omitted>
